<?xml version="1.0" encoding="UTF-8"?>
<!-- Generated by org.testng.reporters.JUnitXMLReporter -->
<testsuite ignored="0" hostname="ADFL-1119" failures="1" tests="1" name="Test" time="0.366" errors="0" timestamp="2023-10-17T17:25:55 IST">
  <testcase classname="cucumber.api.testng.AbstractTestNGCucumberTests" name="@AfterClass tearDownClass" time="0.032">
    <failure type="java.lang.NoSuchMethodError" message="&amp;apos;void gherkin.formatter.Formatter.close()&amp;apos;">
      <![CDATA[java.lang.NoSuchMethodError: 'void gherkin.formatter.Formatter.close()'
at cucumber.api.testng.TestNGCucumberRunner.finish(TestNGCucumberRunner.java:77)
at cucumber.api.testng.AbstractTestNGCucumberTests.tearDownClass(AbstractTestNGCucumberTests.java:34)
at java.base/java.util.ArrayList.forEach(ArrayList.java:1511)
... Removed 26 stack frames]]>
    </failure>
  </testcase> <!-- @AfterClass tearDownClass -->
  <testcase classname="cucumber.api.testng.AbstractTestNGCucumberTests" name="feature" time="0.0">
    <failure type="java.lang.RuntimeException" message="java.lang.NoClassDefFoundError: gherkin/lexer/Encoding">
      <![CDATA[java.lang.RuntimeException: java.lang.NoClassDefFoundError: gherkin/lexer/Encoding
at java.base/java.util.ArrayList.forEach(ArrayList.java:1511)
Caused by: java.lang.NoClassDefFoundError: gherkin/lexer/Encoding
at cucumber.runtime.FeatureBuilder.read(FeatureBuilder.java:154)
at cucumber.runtime.FeatureBuilder.parse(FeatureBuilder.java:115)
at cucumber.runtime.model.CucumberFeature.loadFromFeaturePath(CucumberFeature.java:104)
at cucumber.runtime.model.CucumberFeature.load(CucumberFeature.java:54)
at cucumber.runtime.model.CucumberFeature.load(CucumberFeature.java:34)
at cucumber.runtime.RuntimeOptions.cucumberFeatures(RuntimeOptions.java:235)
at cucumber.api.testng.TestNGCucumberRunner.getFeatures(TestNGCucumberRunner.java:85)
at cucumber.api.testng.TestNGCucumberRunner.provideFeatures(TestNGCucumberRunner.java:93)
at cucumber.api.testng.AbstractTestNGCucumberTests.features(AbstractTestNGCucumberTests.java:29)
... 25 more
Caused by: java.lang.ClassNotFoundException: gherkin.lexer.Encoding
at java.base/jdk.internal.loader.BuiltinClassLoader.loadClass(BuiltinClassLoader.java:641)
at java.base/jdk.internal.loader.ClassLoaders$AppClassLoader.loadClass(ClassLoaders.java:188)
at java.base/java.lang.ClassLoader.loadClass(ClassLoader.java:520)
... 41 more
... Removed 32 stack frames]]>
    </failure>
  </testcase> <!-- feature -->
</testsuite> <!-- Test -->
